This is pdfTeX, Version 3.141592653-2.6-1.40.24 (TeX Live 2022/CVE-2023-32700 patched) (preloaded format=pdflatex 2023.9.9)  28 SEP 2023 23:28
entering extended mode
 restricted \write18 enabled.
 %&-line parsing enabled.
**tarea29Sept.tex
(./tarea29Sept.tex
LaTeX2e <2022-06-01> patch level 5
L3 programming layer <2022-12-17>
(/usr/share/texlive/texmf-dist/tex/latex/base/article.cls
Document Class: article 2021/10/04 v1.4n Standard LaTeX document class
(/usr/share/texlive/texmf-dist/tex/latex/base/size10.clo
File: size10.clo 2021/10/04 v1.4n Standard LaTeX file (size option)
)
\c@part=\count185
\c@section=\count186
\c@subsection=\count187
\c@subsubsection=\count188
\c@paragraph=\count189
\c@subparagraph=\count190
\c@figure=\count191
\c@table=\count192
\abovecaptionskip=\skip47
\belowcaptionskip=\skip48
\bibindent=\dimen140
)
(/usr/share/texlive/texmf-dist/tex/latex/geometry/geometry.sty
Package: geometry 2020/01/02 v5.9 Page Geometry

(/usr/share/texlive/texmf-dist/tex/latex/graphics/keyval.sty
Package: keyval 2022/05/29 v1.15 key=value parser (DPC)
\KV@toks@=\toks16
)
(/usr/share/texlive/texmf-dist/tex/generic/iftex/ifvtex.sty
Package: ifvtex 2019/10/25 v1.7 ifvtex legacy package. Use iftex instead.

(/usr/share/texlive/texmf-dist/tex/generic/iftex/iftex.sty
Package: iftex 2022/02/03 v1.0f TeX engine tests
))
\Gm@cnth=\count193
\Gm@cntv=\count194
\c@Gm@tempcnt=\count195
\Gm@bindingoffset=\dimen141
\Gm@wd@mp=\dimen142
\Gm@odd@mp=\dimen143
\Gm@even@mp=\dimen144
\Gm@layoutwidth=\dimen145
\Gm@layoutheight=\dimen146
\Gm@layouthoffset=\dimen147
\Gm@layoutvoffset=\dimen148
\Gm@dimlist=\toks17
)
(/usr/share/texlive/texmf-dist/tex/latex/listings/listings.sty
\lst@mode=\count196
\lst@gtempboxa=\box51
\lst@token=\toks18
\lst@length=\count197
\lst@currlwidth=\dimen149
\lst@column=\count198
\lst@pos=\count199
\lst@lostspace=\dimen150
\lst@width=\dimen151
\lst@newlines=\count266
\lst@lineno=\count267
\lst@maxwidth=\dimen152

(/usr/share/texlive/texmf-dist/tex/latex/listings/lstmisc.sty
File: lstmisc.sty 2020/03/24 1.8d (Carsten Heinz)
\c@lstnumber=\count268
\lst@skipnumbers=\count269
\lst@framebox=\box52
)
(/usr/share/texlive/texmf-dist/tex/latex/listings/listings.cfg
File: listings.cfg 2020/03/24 1.8d listings configuration
))
Package: listings 2020/03/24 1.8d (Carsten Heinz)

(/usr/share/texlive/texmf-dist/tex/latex/graphics/graphicx.sty
Package: graphicx 2021/09/16 v1.2d Enhanced LaTeX Graphics (DPC,SPQR)

(/usr/share/texlive/texmf-dist/tex/latex/graphics/graphics.sty
Package: graphics 2022/03/10 v1.4e Standard LaTeX Graphics (DPC,SPQR)

(/usr/share/texlive/texmf-dist/tex/latex/graphics/trig.sty
Package: trig 2021/08/11 v1.11 sin cos tan (DPC)
)
(/usr/share/texlive/texmf-dist/tex/latex/graphics-cfg/graphics.cfg
File: graphics.cfg 2016/06/04 v1.11 sample graphics configuration
)
Package graphics Info: Driver file: pdftex.def on input line 107.

(/usr/share/texlive/texmf-dist/tex/latex/graphics-def/pdftex.def
File: pdftex.def 2022/09/22 v1.2b Graphics/color driver for pdftex
))
\Gin@req@height=\dimen153
\Gin@req@width=\dimen154
)
(/usr/share/texlive/texmf-dist/tex/latex/l3backend/l3backend-pdftex.def
File: l3backend-pdftex.def 2022-10-26 L3 backend support: PDF output (pdfTeX)
\l__color_backend_stack_int=\count270
\l__pdf_internal_box=\box53
)
(./tarea29Sept.aux)
\openout1 = `tarea29Sept.aux'.

LaTeX Font Info:    Checking defaults for OML/cmm/m/it on input line 12.
LaTeX Font Info:    ... okay on input line 12.
LaTeX Font Info:    Checking defaults for OMS/cmsy/m/n on input line 12.
LaTeX Font Info:    ... okay on input line 12.
LaTeX Font Info:    Checking defaults for OT1/cmr/m/n on input line 12.
LaTeX Font Info:    ... okay on input line 12.
LaTeX Font Info:    Checking defaults for T1/cmr/m/n on input line 12.
LaTeX Font Info:    ... okay on input line 12.
LaTeX Font Info:    Checking defaults for TS1/cmr/m/n on input line 12.
LaTeX Font Info:    ... okay on input line 12.
LaTeX Font Info:    Checking defaults for OMX/cmex/m/n on input line 12.
LaTeX Font Info:    ... okay on input line 12.
LaTeX Font Info:    Checking defaults for U/cmr/m/n on input line 12.
LaTeX Font Info:    ... okay on input line 12.

*geometry* driver: auto-detecting
*geometry* detected driver: pdftex
*geometry* verbose mode - [ preamble ] result:
* driver: pdftex
* paper: letterpaper
* layout: <same size as paper>
* layoutoffset:(h,v)=(0.0pt,0.0pt)
* modes: 
* h-part:(L,W,R)=(92.14519pt, 430.00462pt, 92.14519pt)
* v-part:(T,H,B)=(95.39737pt, 556.47656pt, 143.09605pt)
* \paperwidth=614.295pt
* \paperheight=794.96999pt
* \textwidth=430.00462pt
* \textheight=556.47656pt
* \oddsidemargin=19.8752pt
* \evensidemargin=19.8752pt
* \topmargin=-13.87262pt
* \headheight=12.0pt
* \headsep=25.0pt
* \topskip=10.0pt
* \footskip=30.0pt
* \marginparwidth=65.0pt
* \marginparsep=11.0pt
* \columnsep=10.0pt
* \skip\footins=9.0pt plus 4.0pt minus 2.0pt
* \hoffset=0.0pt
* \voffset=0.0pt
* \mag=1000
* \@twocolumnfalse
* \@twosidefalse
* \@mparswitchfalse
* \@reversemarginfalse
* (1in=72.27pt=25.4mm, 1cm=28.453pt)

\c@lstlisting=\count271
(/usr/share/texlive/texmf-dist/tex/context/base/mkii/supp-pdf.mkii
[Loading MPS to PDF converter (version 2006.09.02).]
\scratchcounter=\count272
\scratchdimen=\dimen155
\scratchbox=\box54
\nofMPsegments=\count273
\nofMParguments=\count274
\everyMPshowfont=\toks19
\MPscratchCnt=\count275
\MPscratchDim=\dimen156
\MPnumerator=\count276
\makeMPintoPDFobject=\count277
\everyMPtoPDFconversion=\toks20
) (/usr/share/texlive/texmf-dist/tex/latex/epstopdf-pkg/epstopdf-base.sty
Package: epstopdf-base 2020-01-24 v2.11 Base part for package epstopdf
Package epstopdf-base Info: Redefining graphics rule for `.eps' on input line 4
85.

(/usr/share/texlive/texmf-dist/tex/latex/latexconfig/epstopdf-sys.cfg
File: epstopdf-sys.cfg 2010/07/13 v1.3 Configuration of (r)epstopdf for TeX Liv
e
))
LaTeX Font Info:    External font `cmex10' loaded for size
(Font)              <12> on input line 14.
LaTeX Font Info:    External font `cmex10' loaded for size
(Font)              <8> on input line 14.
LaTeX Font Info:    External font `cmex10' loaded for size
(Font)              <6> on input line 14.
<estructura.png, id=1, 1838.87pt x 471.7625pt>
File: estructura.png Graphic file (type png)
<use estructura.png>
Package pdftex.def Info: estructura.png  used on input line 21.
(pdftex.def)             Requested size: 430.00462pt x 110.31711pt.
<tiempo.png, id=3, 1838.87pt x 905.3825pt>
File: tiempo.png Graphic file (type png)
<use tiempo.png>
Package pdftex.def Info: tiempo.png  used on input line 29.
(pdftex.def)             Requested size: 430.00462pt x 211.71498pt.

Underfull \hbox (badness 10000) in paragraph at lines 16--33

 []


LaTeX Warning: `!h' float specifier changed to `!ht'.

[1

{/var/lib/texmf/fonts/map/pdftex/updmap/pdftex.map} <./estructura.png>]
<escritura.png, id=15, 1838.87pt x 712.6625pt>
File: escritura.png Graphic file (type png)
<use escritura.png>
Package pdftex.def Info: escritura.png  used on input line 40.
(pdftex.def)             Requested size: 430.00462pt x 166.64926pt.

Underfull \hbox (badness 10000) in paragraph at lines 34--44

 []

[2 <./tiempo.png> <./escritura.png>]
<pvh1.png, id=21, 2409.0pt x 2158.0625pt>
File: pvh1.png Graphic file (type png)
<use pvh1.png>
Package pdftex.def Info: pvh1.png  used on input line 48.
(pdftex.def)             Requested size: 430.00462pt x 385.20741pt.

Underfull \hbox (badness 10000) in paragraph at lines 52--62

 []


Underfull \hbox (badness 10000) in paragraph at lines 52--62

 []


Underfull \hbox (badness 10000) in paragraph at lines 52--62

 []


Underfull \hbox (badness 10000) in paragraph at lines 52--62

 []


Underfull \hbox (badness 10000) in paragraph at lines 52--62

 []

[3 <./pvh1.png>]
<funH.png, id=26, 2543.5025pt x 1049.9225pt>
File: funH.png Graphic file (type png)
<use funH.png>
Package pdftex.def Info: funH.png  used on input line 66.
(pdftex.def)             Requested size: 430.00462pt x 177.49118pt.

Underfull \hbox (badness 10000) in paragraph at lines 70--75

 []


Underfull \hbox (badness 10000) in paragraph at lines 70--75

 []

[4 <./funH.png>]
<pvh2.png, id=31, 2081.7775pt x 1290.8225pt>
File: pvh2.png Graphic file (type png)
<use pvh2.png>
Package pdftex.def Info: pvh2.png  used on input line 78.
(pdftex.def)             Requested size: 430.00462pt x 266.62935pt.

Underfull \hbox (badness 10000) in paragraph at lines 82--87

 []


Underfull \hbox (badness 10000) in paragraph at lines 82--87

 []

[5 <./pvh2.png>] [6] (./tarea29Sept.aux) ) 
Here is how much of TeX's memory you used:
 3288 strings out of 478126
 50823 string characters out of 5842788
 1855793 words of memory out of 6000000
 23349 multiletter control sequences out of 15000+600000
 517195 words of font info for 48 fonts, out of 8000000 for 9000
 14 hyphenation exceptions out of 8191
 55i,7n,62p,488b,262s stack positions out of 10000i,1000n,20000p,200000b,200000s
</usr/share/texlive/texmf-dist/fonts/
type1/public/amsfonts/cm/cmbx10.pfb></usr/share/texlive/texmf-dist/fonts/type1/
public/amsfonts/cm/cmbx12.pfb></usr/share/texlive/texmf-dist/fonts/type1/public
/amsfonts/cm/cmr10.pfb></usr/share/texlive/texmf-dist/fonts/type1/public/amsfon
ts/cm/cmr12.pfb></usr/share/texlive/texmf-dist/fonts/type1/public/amsfonts/cm/c
mti10.pfb>
Output written on tarea29Sept.pdf (6 pages, 1128961 bytes).
PDF statistics:
 61 PDF objects out of 1000 (max. 8388607)
 30 compressed objects within 1 object stream
 0 named destinations out of 1000 (max. 500000)
 31 words of extra memory for PDF output out of 10000 (max. 10000000)

